Content-Type: text/plain; charset="utf-8"
MIME-Version: 1.0
Content-Transfer-Encoding: 8bit
Subject: Password reset on 127.0.0.1:8000
From: webmaster@localhost
To: onyekachistephen18@gmail.com
Date: Wed, 10 Jan 2024 11:55:06 -0000
Message-ID: <170488770688.17300.12165865579295345067@Stephen>


You're receiving this email because you requested a password reset for your user account at 127.0.0.1:8000.

Please go to the following page and choose a new password:

http://127.0.0.1:8000/reset/Mw/c0l7vu-073ec3e5ec571ec10d156891bdc5f2e8/

Your username, in case you’ve forgotten: onyekachi

Thanks for using our site!

The 127.0.0.1:8000 team



-------------------------------------------------------------------------------
Content-Type: text/plain; charset="utf-8"
MIME-Version: 1.0
Content-Transfer-Encoding: 8bit
Subject: Password reset on 127.0.0.1:8000
From: webmaster@localhost
To: onyekachistephen18@gmail.com
Date: Wed, 10 Jan 2024 11:55:06 -0000
Message-ID: <170488770690.17300.3366545732099115935@Stephen>


You're receiving this email because you requested a password reset for your user account at 127.0.0.1:8000.

Please go to the following page and choose a new password:

http://127.0.0.1:8000/reset/Ng/c0l7vu-23ae977fa4642eb16878b39ed3bdfb8e/

Your username, in case you’ve forgotten: precious

Thanks for using our site!

The 127.0.0.1:8000 team



-------------------------------------------------------------------------------
