Content-Type: text/plain; charset="utf-8"
MIME-Version: 1.0
Content-Transfer-Encoding: 8bit
Subject: Password reset on 127.0.0.1:8000
From: webmaster@localhost
To: onyekachistephen18@gmail.com
Date: Wed, 10 Jan 2024 12:51:39 -0000
Message-ID: <170489109950.24584.9480206998660666433@Stephen>


You're receiving this email because you requested a password reset for your user account at 127.0.0.1:8000.

Please go to the following page and choose a new password:

http://127.0.0.1:8000/reset/NQ/c0lai3-55d7916edeb84a339e32912d427b07f0/

Your username, in case you’ve forgotten: stephen

Thanks for using our site!

The 127.0.0.1:8000 team



-------------------------------------------------------------------------------
Content-Type: text/plain; charset="utf-8"
MIME-Version: 1.0
Content-Transfer-Encoding: 8bit
Subject: Password reset on 127.0.0.1:8000
From: webmaster@localhost
To: onyekachistephen18@gmail.com
Date: Wed, 10 Jan 2024 12:51:39 -0000
Message-ID: <170489109950.24584.766607030958114875@Stephen>


You're receiving this email because you requested a password reset for your user account at 127.0.0.1:8000.

Please go to the following page and choose a new password:

http://127.0.0.1:8000/reset/Ng/c0lai3-ee8d5326b706e4f878810fead8d66115/

Your username, in case you’ve forgotten: precious

Thanks for using our site!

The 127.0.0.1:8000 team



-------------------------------------------------------------------------------
